<?xml version="1.0" encoding="UTF-8"?>
<testng-results ignored="0" total="4" passed="3" failed="1" skipped="0">
  <reporter-output>
  </reporter-output>
  <suite started-at="2024-09-05T15:31:28 IST" name="Suite" finished-at="2024-09-05T15:32:02 IST" duration-ms="33842">
    <groups>
    </groups>
    <test started-at="2024-09-05T15:31:28 IST" name="Test components Test" finished-at="2024-09-05T15:31:28 IST" duration-ms="15">
    </test> <!-- Test components Test -->
    <test started-at="2024-09-05T15:31:28 IST" name="Error Validation Test" finished-at="2024-09-05T15:31:55 IST" duration-ms="27550">
      <class name="seleniumproject.Test.ErrorValidations">
        <test-method is-config="true" signature="launchApplication()[pri:0, instance:seleniumproject.Test.ErrorValidations@38467116]" started-at="2024-09-05T15:31:28 IST" name="launchApplication" finished-at="2024-09-05T15:31:35 IST" duration-ms="7526" status="PASS">
          <reporter-output>
          </reporter-output>
        </test-method> <!-- launchApplication -->
        <test-method signature="ProductOrderValidation()[pri:0, instance:seleniumproject.Test.ErrorValidations@38467116]" started-at="2024-09-05T15:31:35 IST" name="ProductOrderValidation" finished-at="2024-09-05T15:31:50 IST" duration-ms="14315" status="FAIL">
          <exception class="junit.framework.AssertionFailedError">
            <full-stacktrace>
              <![CDATA[junit.framework.AssertionFailedError
at junit.framework.Assert.fail(Assert.java:47)
at junit.framework.Assert.assertTrue(Assert.java:20)
at junit.framework.Assert.assertTrue(Assert.java:27)
at seleniumproject.Test.ErrorValidations.ProductOrderValidation(ErrorValidations.java:48)
at java.base/jdk.internal.reflect.DirectMethodHandleAccessor.invoke(DirectMethodHandleAccessor.java:103)
at java.base/java.lang.reflect.Method.invoke(Method.java:580)
at org.testng.internal.invokers.MethodInvocationHelper.invokeMethod(MethodInvocationHelper.java:141)
at org.testng.internal.invokers.TestInvoker.invokeMethod(TestInvoker.java:686)
at org.testng.internal.invokers.TestInvoker.invokeTestMethod(TestInvoker.java:230)
at org.testng.internal.invokers.MethodRunner.runInSequence(MethodRunner.java:63)
at org.testng.internal.invokers.TestInvoker$MethodInvocationAgent.invoke(TestInvoker.java:992)
at org.testng.internal.invokers.TestInvoker.invokeTestMethods(TestInvoker.java:203)
at org.testng.internal.invokers.TestMethodWorker.invokeTestMethods(TestMethodWorker.java:154)
at org.testng.internal.invokers.TestMethodWorker.run(TestMethodWorker.java:134)
at java.base/java.util.ArrayList.forEach(ArrayList.java:1596)
at org.testng.TestRunner.privateRun(TestRunner.java:739)
at org.testng.TestRunner.run(TestRunner.java:614)
at org.testng.SuiteRunner.runTest(SuiteRunner.java:421)
at org.testng.SuiteRunner$SuiteWorker.run(SuiteRunner.java:463)
at org.testng.internal.thread.ThreadUtil.lambda$execute$0(ThreadUtil.java:64)
at java.base/java.util.concurrent.FutureTask.run(FutureTask.java:317)
at java.base/java.util.concurrent.ThreadPoolExecutor.runWorker(ThreadPoolExecutor.java:1144)
at java.base/java.util.concurrent.ThreadPoolExecutor$Worker.run(ThreadPoolExecutor.java:642)
at java.base/java.lang.Thread.run(Thread.java:1583)
]]>
            </full-stacktrace>
          </exception> <!-- junit.framework.AssertionFailedError -->
          <reporter-output>
          </reporter-output>
        </test-method> <!-- ProductOrderValidation -->
        <test-method is-config="true" signature="tearDown()[pri:0, instance:seleniumproject.Test.ErrorValidations@38467116]" started-at="2024-09-05T15:31:50 IST" name="tearDown" finished-at="2024-09-05T15:31:51 IST" duration-ms="945" status="PASS">
          <reporter-output>
          </reporter-output>
        </test-method> <!-- tearDown -->
        <test-method is-config="true" signature="launchApplication()[pri:0, instance:seleniumproject.Test.ErrorValidations@38467116]" started-at="2024-09-05T15:31:51 IST" name="launchApplication" finished-at="2024-09-05T15:31:55 IST" duration-ms="4097" status="PASS">
          <reporter-output>
          </reporter-output>
        </test-method> <!-- launchApplication -->
        <test-method signature="submitOrder()[pri:0, instance:seleniumproject.Test.ErrorValidations@38467116]" started-at="2024-09-05T15:31:55 IST" name="submitOrder" finished-at="2024-09-05T15:31:55 IST" duration-ms="533" status="PASS">
          <reporter-output>
          </reporter-output>
        </test-method> <!-- submitOrder -->
        <test-method is-config="true" signature="tearDown()[pri:0, instance:seleniumproject.Test.ErrorValidations@38467116]" started-at="2024-09-05T15:31:55 IST" name="tearDown" finished-at="2024-09-05T15:31:55 IST" duration-ms="89" status="PASS">
          <reporter-output>
          </reporter-output>
        </test-method> <!-- tearDown -->
      </class> <!-- seleniumproject.Test.ErrorValidations -->
    </test> <!-- Error Validation Test -->
    <test started-at="2024-09-05T15:31:28 IST" name="submit order Test" finished-at="2024-09-05T15:32:02 IST" duration-ms="33842">
      <class name="seleniumproject.Test.submitorderTest">
        <test-method is-config="true" signature="launchApplication()[pri:0, instance:seleniumproject.Test.submitorderTest@6bbe85a8]" started-at="2024-09-05T15:31:28 IST" name="launchApplication" finished-at="2024-09-05T15:31:36 IST" duration-ms="8468" status="PASS">
          <reporter-output>
          </reporter-output>
        </test-method> <!-- launchApplication -->
        <test-method signature="submitOrder()[pri:0, instance:seleniumproject.Test.submitorderTest@6bbe85a8]" started-at="2024-09-05T15:31:36 IST" name="submitOrder" finished-at="2024-09-05T15:31:56 IST" duration-ms="19769" status="PASS">
          <reporter-output>
          </reporter-output>
        </test-method> <!-- submitOrder -->
        <test-method is-config="true" signature="tearDown()[pri:0, instance:seleniumproject.Test.submitorderTest@6bbe85a8]" started-at="2024-09-05T15:31:56 IST" name="tearDown" finished-at="2024-09-05T15:31:56 IST" duration-ms="115" status="PASS">
          <reporter-output>
          </reporter-output>
        </test-method> <!-- tearDown -->
        <test-method is-config="true" signature="launchApplication()[pri:0, instance:seleniumproject.Test.submitorderTest@6bbe85a8]" started-at="2024-09-05T15:31:56 IST" name="launchApplication" finished-at="2024-09-05T15:32:01 IST" duration-ms="4531" status="PASS">
          <reporter-output>
          </reporter-output>
        </test-method> <!-- launchApplication -->
        <test-method signature="orderHistoryTest()[pri:0, instance:seleniumproject.Test.submitorderTest@6bbe85a8]" started-at="2024-09-05T15:32:01 IST" name="orderHistoryTest" finished-at="2024-09-05T15:32:01 IST" depends-on-methods="seleniumproject.Test.submitorderTest.submitOrder" duration-ms="790" status="PASS">
          <reporter-output>
          </reporter-output>
        </test-method> <!-- orderHistoryTest -->
        <test-method is-config="true" signature="tearDown()[pri:0, instance:seleniumproject.Test.submitorderTest@6bbe85a8]" started-at="2024-09-05T15:32:01 IST" name="tearDown" finished-at="2024-09-05T15:32:02 IST" duration-ms="115" status="PASS">
          <reporter-output>
          </reporter-output>
        </test-method> <!-- tearDown -->
      </class> <!-- seleniumproject.Test.submitorderTest -->
    </test> <!-- submit order Test -->
  </suite> <!-- Suite -->
</testng-results>
